<?xml version="1.0" encoding="UTF-8"?>
<testsuite name="Cucumber" time="0.32" tests="2" skipped="0" failures="0" errors="0">
<testcase classname="Check Home page functionality" name="verify the logout link" time="0.056">
<system-out><![CDATA[
Given user open the browser.................................................passed
And user is on login page...................................................passed
When user enter the valid username and password.............................passed
And user click the login button.............................................passed
Then user navigate to Homepage dashboard....................................passed
When user click on welocme link.............................................passed
Then logout link is displayed...............................................passed
]]></system-out>
</testcase>
<testcase classname="Check Home page functionality" name="verify quick launch toolbar is present" time="0.008">
<system-out><![CDATA[
Given user open the browser.................................................passed
And user is on login page...................................................passed
When user enter the valid username and password.............................passed
And user click the login button.............................................passed
Then user navigate to Homepage dashboard....................................passed
When user click on dashboard link...........................................passed
Then quick launch toolbar is displayed......................................passed
]]></system-out>
</testcase>
</testsuite>
